Using pre-set license
Built from '2022.3/staging' branch; Version is '2022.3.17f1 (4fc78088f837) revision 5228416'; Using compiler version '192829333'; Build Type 'Release'
OS: 'Windows 10  (10.0.19045) 64bit Core' Language: 'en' Physical Memory: 16315 MB
BatchMode: 1, IsHumanControllingUs: 0, StartBugReporterOnCrash: 0, Is64bit: 1, IsPro: 1

COMMAND LINE ARGUMENTS:
D:\Unity\2022.3.17f1\Editor\Unity.exe
-adb2
-batchMode
-noUpm
-name
AssetImportWorker6
-projectPath
C:/Users/shadow/My project
-logFile
Logs/AssetImportWorker6.log
-srvPort
60920
Successfully changed project path to: C:/Users/shadow/My project
C:/Users/shadow/My project
[UnityMemory] Configuration Parameters - Can be set up in boot.config
    "memorysetup-bucket-allocator-granularity=16"
    "memorysetup-bucket-allocator-bucket-count=8"
    "memorysetup-bucket-allocator-block-size=33554432"
    "memorysetup-bucket-allocator-block-count=8"
    "memorysetup-main-allocator-block-size=16777216"
    "memorysetup-thread-allocator-block-size=16777216"
    "memorysetup-gfx-main-allocator-block-size=16777216"
    "memorysetup-gfx-thread-allocator-block-size=16777216"
    "memorysetup-cache-allocator-block-size=4194304"
    "memorysetup-typetree-allocator-block-size=2097152"
    "memorysetup-profiler-bucket-allocator-granularity=16"
    "memorysetup-profiler-bucket-allocator-bucket-count=8"
    "memorysetup-profiler-bucket-allocator-block-size=33554432"
    "memorysetup-profiler-bucket-allocator-block-count=8"
    "memorysetup-profiler-allocator-block-size=16777216"
    "memorysetup-profiler-editor-allocator-block-size=1048576"
    "memorysetup-temp-allocator-size-main=16777216"
    "memorysetup-job-temp-allocator-block-size=2097152"
    "memorysetup-job-temp-allocator-block-size-background=1048576"
    "memorysetup-job-temp-allocator-reduction-small-platforms=262144"
    "memorysetup-allocator-temp-initial-block-size-main=262144"
    "memorysetup-allocator-temp-initial-block-size-worker=262144"
    "memorysetup-temp-allocator-size-background-worker=32768"
    "memorysetup-temp-allocator-size-job-worker=262144"
    "memorysetup-temp-allocator-size-preload-manager=33554432"
    "memorysetup-temp-allocator-size-nav-mesh-worker=65536"
    "memorysetup-temp-allocator-size-audio-worker=65536"
    "memorysetup-temp-allocator-size-cloud-worker=32768"
    "memorysetup-temp-allocator-size-gi-baking-worker=262144"
    "memorysetup-temp-allocator-size-gfx=262144"
Player connection [55336] Host "[IP] 172.31.11.189 [Port] 0 [Flags] 2 [Guid] 3262825078 [EditorId] 3262825078 [Version] 1048832 [Id] WindowsEditor(7,DESKTOP-KHJ0SKF) [Debug] 1 [PackageName] WindowsEditor [ProjectName] Editor" joined multi-casting on [225.0.0.222:54997]...

Player connection [55336] Host "[IP] 172.31.11.189 [Port] 0 [Flags] 2 [Guid] 3262825078 [EditorId] 3262825078 [Version] 1048832 [Id] WindowsEditor(7,DESKTOP-KHJ0SKF) [Debug] 1 [PackageName] WindowsEditor [ProjectName] Editor" joined alternative multi-casting on [225.0.0.222:34997]...

[Physics::Module] Initialized MultithreadedJobDispatcher with 11 workers.
Refreshing native plugins compatible for Editor in 17.34 ms, found 4 plugins.
Preloading 0 native plugins for Editor in 0.00 ms.
Initialize engine version: 2022.3.17f1 (4fc78088f837)
[Subsystems] Discovering subsystems at path D:/Unity/2022.3.17f1/Editor/Data/Resources/UnitySubsystems
[Subsystems] Discovering subsystems at path C:/Users/shadow/My project/Assets
GfxDevice: creating device client; threaded=0; jobified=0
Direct3D:
    Version:  Direct3D 11.0 [level 11.1]
    Renderer: NVIDIA GeForce GTX 1080 (ID=0x1b80)
    Vendor:   NVIDIA
    VRAM:     8072 MB
    Driver:   31.0.15.3640
Initialize mono
Mono path[0] = 'D:/Unity/2022.3.17f1/Editor/Data/Managed'
Mono path[1] = 'D:/Unity/2022.3.17f1/Editor/Data/MonoBleedingEdge/lib/mono/unityjit-win32'
Mono config path = 'D:/Unity/2022.3.17f1/Editor/Data/MonoBleedingEdge/etc'
Using monoOptions --debugger-agent=transport=dt_socket,embedding=1,server=y,suspend=n,address=127.0.0.1:56716
Begin MonoManager ReloadAssembly
Registering precompiled unity dll's ...
Register platform support module: D:/Unity/2022.3.17f1/Editor/Data/PlaybackEngines/WebGLSupport/UnityEditor.WebGL.Extensions.dll
Register platform support module: D:/Unity/2022.3.17f1/Editor/Data/PlaybackEngines/WindowsStandaloneSupport/UnityEditor.WindowsStandalone.Extensions.dll
Registered in 0.008559 seconds.
- Loaded All Assemblies, in  0.490 seconds
Native extension for WindowsStandalone target not found
Native extension for WebGL target not found
Mono: successfully reloaded assembly
- Finished resetting the current domain, in  0.361 seconds
Domain Reload Profiling: 851ms
	BeginReloadAssembly (150ms)
		ExecutionOrderSort (0ms)
		DisableScriptedObjects (0ms)
		BackupInstance (0ms)
		ReleaseScriptingObjects (0ms)
		CreateAndSetChildDomain (1ms)
	RebuildCommonClasses (51ms)
	RebuildNativeTypeToScriptingClass (15ms)
	initialDomainReloadingComplete (72ms)
	LoadAllAssembliesAndSetupDomain (200ms)
		LoadAssemblies (151ms)
		RebuildTransferFunctionScriptingTraits (0ms)
		AnalyzeDomain (197ms)
			TypeCache.Refresh (195ms)
				TypeCache.ScanAssembly (179ms)
			ScanForSourceGeneratedMonoScriptInfo (0ms)
			ResolveRequiredComponents (1ms)
	FinalizeReload (362ms)
		ReleaseScriptCaches (0ms)
		RebuildScriptCaches (0ms)
		SetupLoadedEditorAssemblies (276ms)
			LogAssemblyErrors (0ms)
			InitializePlatformSupportModulesInManaged (11ms)
			SetLoadedEditorAssemblies (6ms)
			RefreshPlugins (0ms)
			BeforeProcessingInitializeOnLoad (3ms)
			ProcessInitializeOnLoadAttributes (192ms)
			ProcessInitializeOnLoadMethodAttributes (62ms)
			AfterProcessingInitializeOnLoad (0ms)
			EditorAssembliesLoaded (0ms)
		ExecutionOrderSort2 (0ms)
		AwakeInstancesAfterBackupRestoration (0ms)
========================================================================
Worker process is ready to serve import requests
Begin MonoManager ReloadAssembly
Could not allocate 8192 bytes
Crash!!!
  ERROR: Error while initializing dbghelp.dll, GetLastError: 'The operation completed successfully.' (Address: 0000000000000000)

========== OUTPUTTING STACK TRACE ==================

SymInit: Symbol-SearchPath: 'D:/Unity/2022.3.17f1/Editor/Data/Mono;.;C:\Users\shadow\My project;C:\Users\shadow\My project\Library\BurstCache\JIT;D:\Unity\2022.3.17f1\Editor;C:\Windows;C:\Windows\system32;', symOptions: 534, UserName: 'shadow'
OS-Version: 10.0.0
D:\Unity\2022.3.17f1\Editor\Unity.exe:Unity.exe (00007FF71DE70000), size: 82321408 (result: 0), SymType: '-deferred-', PDB: '', fileVersion: 2022.3.17.51072
C:\Windows\SYSTEM32\ntdll.dll:ntdll.dll (00007FFCA8BF0000), size: 2064384 (result: 0), SymType: '-deferred-', PDB: '', fileVersion: 10.0.19041.3636
C:\Windows\System32\KERNEL32.DLL:KERNEL32.DLL (00007FFCA8620000), size: 774144 (result: 0), SymType: '-deferred-', PDB: '', fileVersion: 10.0.19041.3636
C:\Windows\System32\KERNELBASE.dll:KERNELBASE.dll (00007FFCA6780000), size: 3104768 (result: 0), SymType: '-deferred-', PDB: '', fileVersion: 10.0.19041.3930
C:\Windows\System32\CRYPT32.dll:CRYPT32.dll (00007FFCA6620000), size: 1429504 (result: 0), SymType: '-deferred-', PDB: '', fileVersion: 10.0.19041.3636
C:\Windows\System32\ucrtbase.dll:ucrtbase.dll (00007FFCA6A80000), size: 1048576 (result: 0), SymType: '-deferred-', PDB: '', fileVersion: 10.0.19041.3636
C:\Windows\System32\USER32.dll:USER32.dll (00007FFCA8220000), size: 1695744 (result: 0), SymType: '-deferred-', PDB: '', fileVersion: 10.0.19041.3636
C:\Windows\System32\win32u.dll:win32u.dll (00007FFCA62C0000), size: 139264 (result: 0), SymType: '-deferred-', PDB: '', fileVersion: 10.0.19041.3930
C:\Windows\System32\GDI32.dll:GDI32.dll (00007FFCA83C0000), size: 180224 (result: 0), SymType: '-deferred-', PDB: '', fileVersion: 10.0.19041.3636
C:\Windows\System32\gdi32full.dll:gdi32full.dll (00007FFCA63C0000), size: 1155072 (result: 0), SymType: '-deferred-', PDB: '', fileVersion: 10.0.19041.3758
C:\Windows\System32\msvcp_win.dll:msvcp_win.dll (00007FFCA6320000), size: 643072 (result: 0), SymType: '-deferred-', PDB: '', fileVersion: 10.0.19041.3636
C:\Windows\System32\ADVAPI32.dll:ADVAPI32.dll (00007FFCA8540000), size: 733184 (result: 0), SymType: '-deferred-', PDB: '', fileVersion: 10.0.19041.3930
D:\Unity\2022.3.17f1\Editor\s3tcompress.dll:s3tcompress.dll (00007FFC9D9C0000), size: 180224 (result: 0), SymType: '-deferred-', PDB: ''
D:\Unity\2022.3.17f1\Editor\libfbxsdk.dll:libfbxsdk.dll (00007FFC43150000), size: 10067968 (result: 0), SymType: '-deferred-', PDB: '', fileVersion: 2020.3.3.0
D:\Unity\2022.3.17f1\Editor\etccompress.dll:etccompress.dll (00007FFC57720000), size: 5066752 (result: 0), SymType: '-deferred-', PDB: ''
C:\Windows\System32\msvcrt.dll:msvcrt.dll (00007FFCA7D30000), size: 647168 (result: 0), SymType: '-deferred-', PDB: '', fileVersion: 7.0.19041.3636
C:\Windows\System32\sechost.dll:sechost.dll (00007FFCA80A0000), size: 651264 (result: 0), SymType: '-deferred-', PDB: '', fileVersion: 10.0.19041.3930
D:\Unity\2022.3.17f1\Editor\ispc_texcomp.dll:ispc_texcomp.dll (00007FFC58670000), size: 1826816 (result: 8), SymType: '-unknown-', PDB: ''
D:\Unity\2022.3.17f1\Editor\compress_bc7e.dll:compress_bc7e.dll (00007FFC58050000), size: 1433600 (result: 8), SymType: '-unknown-', PDB: ''
C:\Windows\System32\RPCRT4.dll:RPCRT4.dll (00007FFCA7900000), size: 1204224 (result: 0), SymType: '-deferred-', PDB: '', fileVersion: 10.0.19041.3758
C:\Windows\System32\bcrypt.dll:bcrypt.dll (00007FFCA62F0000), size: 159744 (result: 0), SymType: '-deferred-', PDB: '', fileVersion: 10.0.19041.3636
D:\Unity\2022.3.17f1\Editor\WinPixEventRuntime.dll:WinPixEventRuntime.dll (00007FFC9D080000), size: 45056 (result: 0), SymType: '-deferred-', PDB: '', fileVersion: 1.0.1812.6001
C:\Windows\System32\SHELL32.dll:SHELL32.dll (00007FFCA6D40000), size: 7622656 (result: 0), SymType: '-deferred-', PDB: '', fileVersion: 10.0.19041.3930
D:\Unity\2022.3.17f1\Editor\FreeImage.dll:FreeImage.dll (0000000180000000), size: 6582272 (result: 8), SymType: '-unknown-', PDB: '', fileVersion: 3.18.0.0
D:\Unity\2022.3.17f1\Editor\umbraoptimizer64.dll:umbraoptimizer64.dll (00007FFC57F20000), size: 1187840 (result: 8), SymType: '-unknown-', PDB: ''
C:\Windows\System32\SHLWAPI.dll:SHLWAPI.dll (00007FFCA7A60000), size: 348160 (result: 0), SymType: '-deferred-', PDB: '', fileVersion: 10.0.19041.3636
C:\Windows\System32\WS2_32.dll:WS2_32.dll (00007FFCA7B90000), size: 438272 (result: 0), SymType: '-deferred-', PDB: '', fileVersion: 10.0.19041.3636
C:\Windows\System32\ole32.dll:ole32.dll (00007FFCA7C00000), size: 1224704 (result: 0), SymType: '-deferred-', PDB: '', fileVersion: 10.0.19041.3636
C:\Windows\System32\combase.dll:combase.dll (00007FFCA87F0000), size: 3489792 (result: 0), SymType: '-deferred-', PDB: '', fileVersion: 10.0.19041.3636
C:\Windows\SYSTEM32\MSVCP140.dll:MSVCP140.dll (00007FFC88080000), size: 581632 (result: 0), SymType: '-deferred-', PDB: '', fileVersion: 14.34.31938.0
C:\Windows\SYSTEM32\VCRUNTIME140.dll:VCRUNTIME140.dll (00007FFC87D80000), size: 110592 (result: 0), SymType: '-deferred-', PDB: '', fileVersion: 14.34.31938.0
C:\Windows\System32\IMM32.dll:IMM32.dll (00007FFCA7A30000), size: 196608 (result: 0), SymType: '-deferred-', PDB: '', fileVersion: 10.0.19041.3636
C:\Windows\System32\SETUPAPI.dll:SETUPAPI.dll (00007FFCA7490000), size: 4644864 (result: 0), SymType: '-deferred-', PDB: '', fileVersion: 10.0.19041.3636
C:\Windows\SYSTEM32\VCRUNTIME140_1.dll:VCRUNTIME140_1.dll (00007FFC87DA0000), size: 49152 (result: 0), SymType: '-deferred-', PDB: '', fileVersion: 14.34.31938.0
C:\Windows\SYSTEM32\GLU32.dll:GLU32.dll (00007FFC8BE70000), size: 180224 (result: 0), SymType: '-deferred-', PDB: '', fileVersion: 10.0.19041.3636
C:\Windows\SYSTEM32\IPHLPAPI.DLL:IPHLPAPI.DLL (00007FFCA56D0000), size: 241664 (result: 0), SymType: '-deferred-', PDB: '', fileVersion: 10.0.19041.3636
C:\Windows\System32\cfgmgr32.dll:cfgmgr32.dll (00007FFCA6BF0000), size: 319488 (result: 0), SymType: '-deferred-', PDB: '', fileVersion: 10.0.19041.3636
C:\Windows\SYSTEM32\OPENGL32.dll:OPENGL32.dll (00007FFC65E10000), size: 1200128 (result: 0), SymType: '-deferred-', PDB: '', fileVersion: 10.0.19041.3636
C:\Windows\System32\OLEAUT32.dll:OLEAUT32.dll (00007FFCA7AC0000), size: 839680 (result: 0), SymType: '-deferred-', PDB: '', fileVersion: 10.0.19041.3636
C:\Windows\System32\WINTRUST.dll:WINTRUST.dll (00007FFCA6B80000), size: 421888 (result: 0), SymType: '-deferred-', PDB: '', fileVersion: 10.0.19041.3930
C:\Windows\SYSTEM32\WINHTTP.dll:WINHTTP.dll (00007FFC9F7A0000), size: 1089536 (result: 0), SymType: '-deferred-', PDB: '', fileVersion: 10.0.19041.3636
C:\Windows\SYSTEM32\HID.DLL:HID.DLL (00007FFCA4AD0000), size: 53248 (result: 0), SymType: '-deferred-', PDB: '', fileVersion: 10.0.19041.3636
C:\Windows\SYSTEM32\WINMM.dll:WINMM.dll (00007FFC9D780000), size: 159744 (result: 0), SymType: '-deferred-', PDB: '', fileVersion: 10.0.19041.3636
C:\Windows\SYSTEM32\dwmapi.dll:dwmapi.dll (00007FFCA3A20000), size: 192512 (result: 8), SymType: '-unknown-', PDB: '', fileVersion: 10.0.19041.3636
D:\Unity\2022.3.17f1\Editor\SketchUpAPI.dll:SketchUpAPI.dll (00007FFC44C50000), size: 8990720 (result: 8), SymType: '-unknown-', PDB: '', fileVersion: 23.0.0.0
C:\Windows\SYSTEM32\WSOCK32.dll:WSOCK32.dll (00007FFCA1BD0000), size: 36864 (result: 8), SymType: '-unknown-', PDB: '', fileVersion: 10.0.19041.1
C:\Windows\SYSTEM32\VERSION.dll:VERSION.dll (00007FFC9FB50000), size: 40960 (result: 8), SymType: '-unknown-', PDB: '', fileVersion: 10.0.19041.3636
D:\Unity\2022.3.17f1\Editor\SketchUpCommonPreferences.dll:SketchUpCommonPreferences.dll (00007FFC72020000), size: 499712 (result: 8), SymType: '-unknown-', PDB: '', fileVersion: 23.0.0.0
C:\Windows\SYSTEM32\Secur32.dll:Secur32.dll (00007FFC88ED0000), size: 49152 (result: 8), SymType: '-unknown-', PDB: '', fileVersion: 10.0.19041.3636
C:\Windows\SYSTEM32\SSPICLI.DLL:SSPICLI.DLL (00007FFCA61A0000), size: 204800 (result: 8), SymType: '-unknown-', PDB: '', fileVersion: 10.0.19041.3636
D:\Unity\2022.3.17f1\Editor\OpenRL.dll:OpenRL.dll (00000271CB670000), size: 12779520 (result: 8), SymType: '-unknown-', PDB: '', fileVersion: 1.5.0.2907
C:\Windows\SYSTEM32\MSVCP100.dll:MSVCP100.dll (000000006E2B0000), size: 622592 (result: 8), SymType: '-unknown-', PDB: '', fileVersion: 10.0.40219.325
C:\Windows\SYSTEM32\MSWSOCK.DLL:MSWSOCK.DLL (00007FFCA5A50000), size: 434176 (result: 8), SymType: '-unknown-', PDB: '', fileVersion: 10.0.19041.3636
C:\Windows\SYSTEM32\MSVCR100.dll:MSVCR100.dll (000000006E1D0000), size: 860160 (result: 8), SymType: '-unknown-', PDB: '', fileVersion: 10.0.40219.325
D:\Unity\2022.3.17f1\Editor\embree.dll:embree.dll (00007FFC43AF0000), size: 16711680 (result: 8), SymType: '-unknown-', PDB: '', fileVersion: 2.14.0.0
D:\Unity\2022.3.17f1\Editor\tbb.dll:tbb.dll (00007FFC71FB0000), size: 413696 (result: 8), SymType: '-unknown-', PDB: '', fileVersion: 2017.0.2016.1004
C:\Windows\SYSTEM32\MSVCP120.dll:MSVCP120.dll (00007FFC59FB0000), size: 679936 (result: 8), SymType: '-unknown-', PDB: '', fileVersion: 12.0.40660.0
C:\Windows\SYSTEM32\MSVCR120.dll:MSVCR120.dll (00007FFC57630000), size: 978944 (result: 8), SymType: '-unknown-', PDB: '', fileVersion: 12.0.40660.0
D:\Unity\2022.3.17f1\Editor\OpenRL_pthread.dll:OpenRL_pthread.dll (00000271CC2C0000), size: 61440 (result: 8), SymType: '-unknown-', PDB: '', fileVersion: 2.9.0.0
C:\Windows\SYSTEM32\MSASN1.dll:MSASN1.dll (00007FFCA5E80000), size: 73728 (result: 8), SymType: '-unknown-', PDB: '', fileVersion: 10.0.19041.3636
C:\Windows\System32\bcryptprimitives.dll:bcryptprimitives.dll (00007FFCA64E0000), size: 532480 (result: 0), SymType: '-deferred-', PDB: '', fileVersion: 10.0.19041.3636
C:\Windows\SYSTEM32\kernel.appcore.dll:kernel.appcore.dll (00007FFCA4AE0000), size: 73728 (result: 0), SymType: '-deferred-', PDB: '', fileVersion: 10.0.19041.3758
C:\Windows\system32\uxtheme.dll:uxtheme.dll (00007FFCA37A0000), size: 647168 (result: 0), SymType: '-deferred-', PDB: '', fileVersion: 10.0.19041.3930
C:\Windows\SYSTEM32\windows.storage.dll:windows.storage.dll (00007FFCA4330000), size: 7974912 (result: 0), SymType: '-deferred-', PDB: '', fileVersion: 10.0.19041.3758
C:\Windows\SYSTEM32\Wldp.dll:Wldp.dll (00007FFCA5CF0000), size: 184320 (result: 0), SymType: '-deferred-', PDB: '', fileVersion: 10.0.19041.3636
C:\Windows\System32\SHCORE.dll:SHCORE.dll (00007FFCA86E0000), size: 708608 (result: 0), SymType: '-deferred-', PDB: '', fileVersion: 10.0.19041.3636
C:\Windows\SYSTEM32\profapi.dll:profapi.dll (00007FFCA61F0000), size: 151552 (result: 0), SymType: '-deferred-', PDB: '', fileVersion: 10.0.19041.3636
C:\Windows\system32\IconCodecService.dll:IconCodecService.dll (00007FFC8C190000), size: 36864 (result: 0), SymType: '-deferred-', PDB: '', fileVersion: 10.0.19041.1
C:\Windows\SYSTEM32\WindowsCodecs.dll:WindowsCodecs.dll (00007FFCA0300000), size: 1785856 (result: 0), SymType: '-deferred-', PDB: '', fileVersion: 10.0.19041.3636
C:\Windows\System32\clbcatq.dll:clbcatq.dll (00007FFCA83F0000), size: 692224 (result: 0), SymType: '-deferred-', PDB: '', fileVersion: 2001.12.10941.16384
C:\Windows\System32\netprofm.dll:netprofm.dll (00007FFCA1A60000), size: 258048 (result: 0), SymType: '-deferred-', PDB: '', fileVersion: 10.0.19041.3636
C:\Windows\System32\npmproxy.dll:npmproxy.dll (00007FFC980D0000), size: 65536 (result: 0), SymType: '-deferred-', PDB: '', fileVersion: 10.0.19041.3636
C:\Windows\System32\NSI.dll:NSI.dll (00007FFCA6C40000), size: 32768 (result: 0), SymType: '-deferred-', PDB: '', fileVersion: 10.0.19041.3636
C:\Windows\SYSTEM32\dhcpcsvc6.DLL:dhcpcsvc6.DLL (00007FFC9FC40000), size: 94208 (result: 0), SymType: '-deferred-', PDB: '', fileVersion: 10.0.19041.3636
C:\Windows\SYSTEM32\dhcpcsvc.DLL:dhcpcsvc.DLL (00007FFCA00C0000), size: 118784 (result: 0), SymType: '-deferred-', PDB: '', fileVersion: 10.0.19041.3636
C:\Windows\SYSTEM32\DNSAPI.dll:DNSAPI.dll (00007FFCA5710000), size: 827392 (result: 0), SymType: '-deferred-', PDB: '', fileVersion: 10.0.19041.3636
C:\Windows\system32\napinsp.dll:napinsp.dll (00007FFC848C0000), size: 94208 (result: 0), SymType: '-deferred-', PDB: '', fileVersion: 10.0.19041.3636
C:\Windows\system32\pnrpnsp.dll:pnrpnsp.dll (00007FFC84880000), size: 110592 (result: 0), SymType: '-deferred-', PDB: '', fileVersion: 10.0.19041.3636
C:\Windows\system32\wshbth.dll:wshbth.dll (00007FFC8F3B0000), size: 86016 (result: 0), SymType: '-deferred-', PDB: '', fileVersion: 10.0.19041.3636
C:\Windows\system32\NLAapi.dll:NLAapi.dll (00007FFCA1B90000), size: 118784 (result: 0), SymType: '-deferred-', PDB: '', fileVersion: 10.0.19041.3636
C:\Windows\System32\winrnr.dll:winrnr.dll (00007FFC84860000), size: 73728 (result: 0), SymType: '-deferred-', PDB: '', fileVersion: 10.0.19041.3636
C:\Program Files\Bonjour\mdnsNSP.dll:mdnsNSP.dll (000000006E400000), size: 155648 (result: 0), SymType: '-deferred-', PDB: '', fileVersion: 3.1.0.1
C:\Windows\System32\fwpuclnt.dll:fwpuclnt.dll (00007FFC972D0000), size: 524288 (result: 0), SymType: '-deferred-', PDB: '', fileVersion: 10.0.19041.3758
C:\Windows\System32\rasadhlp.dll:rasadhlp.dll (00007FFC977A0000), size: 40960 (result: 0), SymType: '-deferred-', PDB: '', fileVersion: 10.0.19041.3636
D:\Unity\2022.3.17f1\Editor\NVUnityPlugin.DLL:NVUnityPlugin.DLL (00007FFC574B0000), size: 1519616 (result: 0), SymType: '-deferred-', PDB: ''
D:\Unity\2022.3.17f1\Editor\Data\Tools\astcenc-avx2.dll:astcenc-avx2.dll (00007FFC7F140000), size: 540672 (result: 0), SymType: '-deferred-', PDB: ''
C:\Windows\System32\MMDevApi.dll:MMDevApi.dll (00007FFC9FD30000), size: 544768 (result: 0), SymType: '-deferred-', PDB: '', fileVersion: 10.0.19041.3636
C:\Windows\System32\DEVOBJ.dll:DEVOBJ.dll (00007FFCA6070000), size: 208896 (result: 0), SymType: '-deferred-', PDB: '', fileVersion: 10.0.19041.3636
C:\Windows\SYSTEM32\d3d11.dll:d3d11.dll (00007FFCA1EC0000), size: 2502656 (result: 0), SymType: '-deferred-', PDB: '', fileVersion: 10.0.19041.3636
C:\Windows\SYSTEM32\dxgi.dll:dxgi.dll (00007FFCA4B30000), size: 995328 (result: 0), SymType: '-deferred-', PDB: '', fileVersion: 10.0.19041.3636
C:\Windows\System32\DriverStore\FileRepository\nv_dispi.inf_amd64_5b6e4554b945d508\nvldumdx.dll:nvldumdx.dll (00007FFC9E3D0000), size: 770048 (result: 8), SymType: '-unknown-', PDB: '', fileVersion: 31.0.15.3640
C:\Windows\SYSTEM32\cryptnet.dll:cryptnet.dll (00007FFC9E5E0000), size: 200704 (result: 8), SymType: '-unknown-', PDB: '', fileVersion: 10.0.19041.3636
C:\Windows\SYSTEM32\drvstore.dll:drvstore.dll (00007FFC9E490000), size: 1343488 (result: 8), SymType: '-unknown-', PDB: '', fileVersion: 10.0.19041.3636
C:\Windows\SYSTEM32\cryptbase.dll:cryptbase.dll (00007FFCA5C60000), size: 49152 (result: 8), SymType: '-unknown-', PDB: '', fileVersion: 10.0.19041.3636
C:\Windows\System32\imagehlp.dll:imagehlp.dll (00007FFCA8600000), size: 118784 (result: 8), SymType: '-unknown-', PDB: '', fileVersion: 10.0.19041.3636
C:\Windows\SYSTEM32\CRYPTSP.dll:CRYPTSP.dll (00007FFCA5C40000), size: 98304 (result: 0), SymType: '-deferred-', PDB: '', fileVersion: 10.0.19041.3636
C:\Windows\system32\rsaenh.dll:rsaenh.dll (00007FFCA52D0000), size: 212992 (result: 8), SymType: '-unknown-', PDB: '', fileVersion: 10.0.19041.3636
C:\Windows\System32\DriverStore\FileRepository\nv_dispi.inf_amd64_5b6e4554b945d508\nvwgf2umx.dll:nvwgf2umx.dll (00007FFC908D0000), size: 99463168 (result: 8), SymType: '-unknown-', PDB: '', fileVersion: 31.0.15.3640
C:\Windows\system32\nvspcap64.dll:nvspcap64.dll (00007FFC5BBF0000), size: 2953216 (result: 8), SymType: '-unknown-', PDB: '', fileVersion: 3.27.0.120
C:\Windows\SYSTEM32\ntmarta.dll:ntmarta.dll (00007FFCA5400000), size: 208896 (result: 8), SymType: '-unknown-', PDB: '', fileVersion: 10.0.19041.3636
C:\Windows\System32\DriverStore\FileRepository\nv_dispi.inf_amd64_5b6e4554b945d508\Display.NvContainer\MessageBus.dll:MessageBus.dll (00007FFC8CE00000), size: 7565312 (result: 8), SymType: '-unknown-', PDB: '', fileVersion: 1.22.2758.1620
C:\Windows\SYSTEM32\dxcore.dll:dxcore.dll (00007FFC9E620000), size: 241664 (result: 8), SymType: '-unknown-', PDB: '', fileVersion: 10.0.19041.3636
C:\Windows\system32\wbem\wbemprox.dll:wbemprox.dll (00007FFC9E360000), size: 69632 (result: 8), SymType: '-unknown-', PDB: '', fileVersion: 10.0.19041.3758
C:\Windows\SYSTEM32\wbemcomn.dll:wbemcomn.dll (00007FFC967B0000), size: 589824 (result: 8), SymType: '-unknown-', PDB: '', fileVersion: 10.0.19041.3636
C:\Windows\system32\wbem\wbemsvc.dll:wbemsvc.dll (00007FFC9D860000), size: 81920 (result: 8), SymType: '-unknown-', PDB: '', fileVersion: 10.0.19041.3758
C:\Windows\system32\wbem\fastprox.dll:fastprox.dll (00007FFC9D5A0000), size: 1093632 (result: 8), SymType: '-unknown-', PDB: '', fileVersion: 10.0.19041.3636
C:\Windows\SYSTEM32\amsi.dll:amsi.dll (00007FFC99610000), size: 126976 (result: 8), SymType: '-unknown-', PDB: '', fileVersion: 10.0.19041.3636
C:\Windows\SYSTEM32\USERENV.dll:USERENV.dll (00007FFCA6170000), size: 188416 (result: 8), SymType: '-unknown-', PDB: '', fileVersion: 10.0.19041.3636
C:\ProgramData\Microsoft\Windows Defender\Platform\4.18.23110.3-0\MpOav.dll:MpOav.dll (00007FFC993F0000), size: 507904 (result: 8), SymType: '-unknown-', PDB: '', fileVersion: 4.18.23110.3
D:\Unity\2022.3.17f1\Editor\cudart64_90.dll:cudart64_90.dll (00007FFC6A780000), size: 397312 (result: 8), SymType: '-unknown-', PDB: '', fileVersion: 6.14.11.9000
C:\Windows\SYSTEM32\opencl.dll:opencl.dll (00007FFC57000000), size: 1490944 (result: 8), SymType: '-unknown-', PDB: '', fileVersion: 3.0.3.0
D:\Unity\2022.3.17f1\Editor\radeonrays.dll:radeonrays.dll (00007FFC59A50000), size: 557056 (result: 8), SymType: '-unknown-', PDB: ''
D:\Unity\2022.3.17f1\Editor\Data\MonoBleedingEdge\EmbedRuntime\mono-2.0-bdwgc.dll:mono-2.0-bdwgc.dll (00007FFC2F9E0000), size: 10825728 (result: 8), SymType: '-unknown-', PDB: ''
C:\Windows\SYSTEM32\dbghelp.dll:dbghelp.dll (00007FFCA3E20000), size: 1982464 (result: 8), SymType: '-unknown-', PDB: '', fileVersion: 10.0.19041.3636
SymInit: Symbol-SearchPath: 'D:/Unity/2022.3.17f1/Editor/Data/Mono;.;C:\Users\shadow\My project;C:\Users\shadow\My project\Library\BurstCache\JIT;D:\Unity\2022.3.17f1\Editor;C:\Windows;C:\Windows\system32;', symOptions: 534, UserName: 'shadow'
OS-Version: 10.0.0
D:\Unity\2022.3.17f1\Editor\Unity.exe:Unity.exe (00007FF71DE70000), size: 82321408 (result: -529697949), SymType: '-deferred-', PDB: '', fileVersion: 2022.3.17.51072
  ERROR: LoadModule, GetLastError: 'Unknown error [-529697949]' (Address: 0000000000000000)
C:\Windows\SYSTEM32\ntdll.dll:ntdll.dll (00007FFCA8BF0000), size: 2064384 (result: 0), SymType: '-nosymbols-', PDB: 'C:\Windows\SYSTEM32\ntdll.dll', fileVersion: 10.0.19041.3636
C:\Windows\System32\KERNEL32.DLL:KERNEL32.DLL (00007FFCA8620000), size: 774144 (result: 0), SymType: '-nosymbols-', PDB: 'C:\Windows\System32\KERNEL32.DLL', fileVersion: 10.0.19041.3636
C:\Windows\System32\KERNELBASE.dll:KERNELBASE.dll (00007FFCA6780000), size: 3104768 (result: 0), SymType: '-nosymbols-', PDB: 'C:\Windows\System32\KERNELBASE.dll', fileVersion: 10.0.19041.3930
C:\Windows\System32\CRYPT32.dll:CRYPT32.dll (00007FFCA6620000), size: 1429504 (result: 0), SymType: '-nosymbols-', PDB: 'C:\Windows\System32\CRYPT32.dll', fileVersion: 10.0.19041.3636
C:\Windows\System32\ucrtbase.dll:ucrtbase.dll (00007FFCA6A80000), size: 1048576 (result: 0), SymType: '-nosymbols-', PDB: 'C:\Windows\System32\ucrtbase.dll', fileVersion: 10.0.19041.3636
C:\Windows\System32\USER32.dll:USER32.dll (00007FFCA8220000), size: 1695744 (result: 0), SymType: '-nosymbols-', PDB: 'C:\Windows\System32\USER32.dll', fileVersion: 10.0.19041.3636
C:\Windows\System32\win32u.dll:win32u.dll (00007FFCA62C0000), size: 139264 (result: 0), SymType: '-nosymbols-', PDB: 'C:\Windows\System32\win32u.dll', fileVersion: 10.0.19041.3930
C:\Windows\System32\GDI32.dll:GDI32.dll (00007FFCA83C0000), size: 180224 (result: 0), SymType: '-exported-', PDB: 'C:\Windows\System32\GDI32.dll', fileVersion: 10.0.19041.3636
C:\Windows\System32\gdi32full.dll:gdi32full.dll (00007FFCA63C0000), size: 1155072 (result: 0), SymType: '-nosymbols-', PDB: 'C:\Windows\System32\gdi32full.dll', fileVersion: 10.0.19041.3758
C:\Windows\System32\msvcp_win.dll:msvcp_win.dll (00007FFCA6320000), size: 643072 (result: 0), SymType: '-nosymbols-', PDB: 'C:\Windows\System32\msvcp_win.dll', fileVersion: 10.0.19041.3636
C:\Windows\System32\ADVAPI32.dll:ADVAPI32.dll (00007FFCA8540000), size: 733184 (result: 0), SymType: '-nosymbols-', PDB: 'C:\Windows\System32\ADVAPI32.dll', fileVersion: 10.0.19041.3930
D:\Unity\2022.3.17f1\Editor\s3tcompress.dll:s3tcompress.dll (00007FFC9D9C0000), size: 180224 (result: 0), SymType: '-nosymbols-', PDB: 'D:\Unity\2022.3.17f1\Editor\s3tcompress.dll'
D:\Unity\2022.3.17f1\Editor\libfbxsdk.dll:libfbxsdk.dll (00007FFC43150000), size: 10067968 (result: 0), SymType: '-nosymbols-', PDB: 'D:\Unity\2022.3.17f1\Editor\libfbxsdk.dll', fileVersion: 2020.3.3.0
D:\Unity\2022.3.17f1\Editor\etccompress.dll:etccompress.dll (00007FFC57720000), size: 5066752 (result: 0), SymType: '-nosymbols-', PDB: 'D:\Unity\2022.3.17f1\Editor\etccompress.dll'
C:\Windows\System32\msvcrt.dll:msvcrt.dll (00007FFCA7D30000), size: 647168 (result: 0), SymType: '-nosymbols-', PDB: 'C:\Windows\System32\msvcrt.dll', fileVersion: 7.0.19041.3636
C:\Windows\System32\sechost.dll:sechost.dll (00007FFCA80A0000), size: 651264 (result: 0), SymType: '-nosymbols-', PDB: 'C:\Windows\System32\sechost.dll', fileVersion: 10.0.19041.3930
D:\Unity\2022.3.17f1\Editor\ispc_texcomp.dll:ispc_texcomp.dll (00007FFC58670000), size: 1826816 (result: 0), SymType: '-deferred-', PDB: ''
D:\Unity\2022.3.17f1\Editor\compress_bc7e.dll:compress_bc7e.dll (00007FFC58050000), size: 1433600 (result: 0), SymType: '-deferred-', PDB: ''
C:\Windows\System32\RPCRT4.dll:RPCRT4.dll (00007FFCA7900000), size: 1204224 (result: 0), SymType: '-nosymbols-', PDB: 'C:\Windows\System32\RPCRT4.dll', fileVersion: 10.0.19041.3758
C:\Windows\System32\bcrypt.dll:bcrypt.dll (00007FFCA62F0000), size: 159744 (result: 0), SymType: '-nosymbols-', PDB: 'C:\Windows\System32\bcrypt.dll', fileVersion: 10.0.19041.3636
D:\Unity\2022.3.17f1\Editor\WinPixEventRuntime.dll:WinPixEventRuntime.dll (00007FFC9D080000), size: 45056 (result: 0), SymType: '-nosymbols-', PDB: 'D:\Unity\2022.3.17f1\Editor\WinPixEventRuntime.dll', fileVersion: 1.0.1812.6001
C:\Windows\System32\SHELL32.dll:SHELL32.dll (00007FFCA6D40000), size: 7622656 (result: 0), SymType: '-nosymbols-', PDB: 'C:\Windows\System32\SHELL32.dll', fileVersion: 10.0.19041.3930
D:\Unity\2022.3.17f1\Editor\FreeImage.dll:FreeImage.dll (0000000180000000), size: 6582272 (result: 8), SymType: '-unknown-', PDB: '', fileVersion: 3.18.0.0
  ERROR: LoadModule, GetLastError: 'Not enough memory resources are available to process this command.' (Address: 0000000000000000)
D:\Unity\2022.3.17f1\Editor\umbraoptimizer64.dll:umbraoptimizer64.dll (00007FFC57F20000), size: 1187840 (result: 8), SymType: '-unknown-', PDB: ''
  ERROR: LoadModule, GetLastError: 'Not enough memory resources are available to process this command.' (Address: 0000000000000000)
C:\Windows\System32\SHLWAPI.dll:SHLWAPI.dll (00007FFCA7A60000), size: 348160 (result: 0), SymType: '-nosymbols-', PDB: 'C:\Windows\System32\SHLWAPI.dll', fileVersion: 10.0.19041.3636
C:\Windows\System32\WS2_32.dll:WS2_32.dll (00007FFCA7B90000), size: 438272 (result: 0), SymType: '-nosymbols-', PDB: 'C:\Windows\System32\WS2_32.dll', fileVersion: 10.0.19041.3636
C:\Windows\System32\ole32.dll:ole32.dll (00007FFCA7C00000), size: 1224704 (result: 0), SymType: '-nosymbols-', PDB: 'C:\Windows\System32\ole32.dll', fileVersion: 10.0.19041.3636
C:\Windows\System32\combase.dll:combase.dll (00007FFCA87F0000), size: 3489792 (result: 0), SymType: '-nosymbols-', PDB: 'C:\Windows\System32\combase.dll', fileVersion: 10.0.19041.3636
C:\Windows\SYSTEM32\MSVCP140.dll:MSVCP140.dll (00007FFC88080000), size: 581632 (result: 0), SymType: '-nosymbols-', PDB: 'C:\Windows\SYSTEM32\MSVCP140.dll', fileVersion: 14.34.31938.0
C:\Windows\SYSTEM32\VCRUNTIME140.dll:VCRUNTIME140.dll (00007FFC87D80000), size: 110592 (result: 0), SymType: '-nosymbols-', PDB: 'C:\Windows\SYSTEM32\VCRUNTIME140.dll', fileVersion: 14.34.31938.0
C:\Windows\System32\IMM32.dll:IMM32.dll (00007FFCA7A30000), size: 196608 (result: 0), SymType: '-nosymbols-', PDB: 'C:\Windows\System32\IMM32.dll', fileVersion: 10.0.19041.3636
C:\Windows\System32\SETUPAPI.dll:SETUPAPI.dll (00007FFCA7490000), size: 4644864 (result: 0), SymType: '-nosymbols-', PDB: 'C:\Windows\System32\SETUPAPI.dll', fileVersion: 10.0.19041.3636
C:\Windows\SYSTEM32\VCRUNTIME140_1.dll:VCRUNTIME140_1.dll (00007FFC87DA0000), size: 49152 (result: 0), SymType: '-nosymbols-', PDB: 'C:\Windows\SYSTEM32\VCRUNTIME140_1.dll', fileVersion: 14.34.31938.0
C:\Windows\SYSTEM32\GLU32.dll:GLU32.dll (00007FFC8BE70000), size: 180224 (result: 0), SymType: '-nosymbols-', PDB: 'C:\Windows\SYSTEM32\GLU32.dll', fileVersion: 10.0.19041.3636
C:\Windows\SYSTEM32\IPHLPAPI.DLL:IPHLPAPI.DLL (00007FFCA56D0000), size: 241664 (result: 0), SymType: '-nosymbols-', PDB: 'C:\Windows\SYSTEM32\IPHLPAPI.DLL', fileVersion: 10.0.19041.3636
C:\Windows\System32\cfgmgr32.dll:cfgmgr32.dll (00007FFCA6BF0000), size: 319488 (result: 0), SymType: '-nosymbols-', PDB: 'C:\Windows\System32\cfgmgr32.dll', fileVersion: 10.0.19041.3636
C:\Windows\SYSTEM32\OPENGL32.dll:OPENGL32.dll (00007FFC65E10000), size: 1200128 (result: 0), SymType: '-nosymbols-', PDB: 'C:\Windows\SYSTEM32\OPENGL32.dll', fileVersion: 10.0.19041.3636
C:\Windows\System32\OLEAUT32.dll:OLEAUT32.dll (00007FFCA7AC0000), size: 839680 (result: 0), SymType: '-nosymbols-', PDB: 'C:\Windows\System32\OLEAUT32.dll', fileVersion: 10.0.19041.3636
C:\Windows\System32\WINTRUST.dll:WINTRUST.dll (00007FFCA6B80000), size: 421888 (result: 0), SymType: '-nosymbols-', PDB: 'C:\Windows\System32\WINTRUST.dll', fileVersion: 10.0.19041.3930
C:\Windows\SYSTEM32\WINHTTP.dll:WINHTTP.dll (00007FFC9F7A0000), size: 1089536 (result: 0), SymType: '-nosymbols-', PDB: 'C:\Windows\SYSTEM32\WINHTTP.dll', fileVersion: 10.0.19041.3636
C:\Windows\SYSTEM32\HID.DLL:HID.DLL (00007FFCA4AD0000), size: 53248 (result: 0), SymType: '-nosymbols-', PDB: 'C:\Windows\SYSTEM32\HID.DLL', fileVersion: 10.0.19041.3636
C:\Windows\SYSTEM32\WINMM.dll:WINMM.dll (00007FFC9D780000), size: 159744 (result: 0), SymType: '-nosymbols-', PDB: 'C:\Windows\SYSTEM32\WINMM.dll', fileVersion: 10.0.19041.3636
C:\Windows\SYSTEM32\dwmapi.dll:dwmapi.dll (00007FFCA3A20000), size: 192512 (result: 8), SymType: '-unknown-', PDB: '', fileVersion: 10.0.19041.3636
  ERROR: LoadModule, GetLastError: 'Not enough memory resources are available to process this command.' (Address: 0000000000000000)
D:\Unity\2022.3.17f1\Editor\SketchUpAPI.dll:SketchUpAPI.dll (00007FFC44C50000), size: 8990720 (result: 8), SymType: '-unknown-', PDB: '', fileVersion: 23.0.0.0
  ERROR: LoadModule, GetLastError: 'Not enough memory resources are available to process this command.' (Address: 0000000000000000)
C:\Windows\SYSTEM32\WSOCK32.dll:WSOCK32.dll (00007FFCA1BD0000), size: 36864 (result: 8), SymType: '-unknown-', PDB: '', fileVersion: 10.0.19041.1
  ERROR: LoadModule, GetLastError: 'Not enough memory resources are available to process this command.' (Address: 0000000000000000)
C:\Windows\SYSTEM32\VERSION.dll:VERSION.dll (00007FFC9FB50000), size: 40960 (result: 8), SymType: '-unknown-', PDB: '', fileVersion: 10.0.19041.3636
  ERROR: LoadModule, GetLastError: 'Not enough memory resources are available to process this command.' (Address: 0000000000000000)
D:\Unity\2022.3.17f1\Editor\SketchUpCommonPreferences.dll:SketchUpCommonPreferences.dll (00007FFC72020000), size: 499712 (result: 8), SymType: '-unknown-', PDB: '', fileVersion: 23.0.0.0
  ERROR: LoadModule, GetLastError: 'Not enough memory resources are available to process this command.' (Address: 0000000000000000)
C:\Windows\SYSTEM32\Secur32.dll:Secur32.dll (00007FFC88ED0000), size: 49152 (result: 8), SymType: '-unknown-', PDB: '', fileVersion: 10.0.19041.3636
  ERROR: LoadModule, GetLastError: 'Not enough memory resources are available to process this command.' (Address: 0000000000000000)
C:\Windows\SYSTEM32\SSPICLI.DLL:SSPICLI.DLL (00007FFCA61A0000), size: 204800 (result: 8), SymType: '-unknown-', PDB: '', fileVersion: 10.0.19041.3636
  ERROR: LoadModule, GetLastError: 'Not enough memory resources are available to process this command.' (Address: 0000000000000000)
D:\Unity\2022.3.17f1\Editor\OpenRL.dll:OpenRL.dll (00000271CB670000), size: 12779520 (result: 8), SymType: '-unknown-', PDB: '', fileVersion: 1.5.0.2907
  ERROR: LoadModule, GetLastError: 'Not enough memory resources are available to process this command.' (Address: 0000000000000000)
C:\Windows\SYSTEM32\MSVCP100.dll:MSVCP100.dll (000000006E2B0000), size: 622592 (result: 8), SymType: '-unknown-', PDB: '', fileVersion: 10.0.40219.325
  ERROR: LoadModule, GetLastError: 'Not enough memory resources are available to process this command.' (Address: 0000000000000000)
C:\Windows\SYSTEM32\MSWSOCK.DLL:MSWSOCK.DLL (00007FFCA5A50000), size: 434176 (result: 8), SymType: '-unknown-', PDB: '', fileVersion: 10.0.19041.3636
  ERROR: LoadModule, GetLastError: 'Not enough memory resources are available to process this command.' (Address: 0000000000000000)
C:\Windows\SYSTEM32\MSVCR100.dll:MSVCR100.dll (000000006E1D0000), size: 860160 (result: 8), SymType: '-unknown-', PDB: '', fileVersion: 10.0.40219.325
  ERROR: LoadModule, GetLastError: 'Not enough memory resources are available to process this command.' (Address: 0000000000000000)
D:\Unity\2022.3.17f1\Editor\embree.dll:embree.dll (00007FFC43AF0000), size: 16711680 (result: 8), SymType: '-unknown-', PDB: '', fileVersion: 2.14.0.0
  ERROR: LoadModule, GetLastError: 'Not enough memory resources are available to process this command.' (Address: 0000000000000000)
D:\Unity\2022.3.17f1\Editor\tbb.dll:tbb.dll (00007FFC71FB0000), size: 413696 (result: 8), SymType: '-unknown-', PDB: '', fileVersion: 2017.0.2016.1004
  ERROR: LoadModule, GetLastError: 'Not enough memory resources are available to process this command.' (Address: 0000000000000000)
C:\Windows\SYSTEM32\MSVCP120.dll:MSVCP120.dll (00007FFC59FB0000), size: 679936 (result: 8), SymType: '-unknown-', PDB: '', fileVersion: 12.0.40660.0
  ERROR: LoadModule, GetLastError: 'Not enough memory resources are available to process this command.' (Address: 0000000000000000)
C:\Windows\SYSTEM32\MSVCR120.dll:MSVCR120.dll (00007FFC57630000), size: 978944 (result: 8), SymType: '-unknown-', PDB: '', fileVersion: 12.0.40660.0
  ERROR: LoadModule, GetLastError: 'Not enough memory resources are available to process this command.' (Address: 0000000000000000)
D:\Unity\2022.3.17f1\Editor\OpenRL_pthread.dll:OpenRL_pthread.dll (00000271CC2C0000), size: 61440 (result: 8), SymType: '-unknown-', PDB: '', fileVersion: 2.9.0.0
  ERROR: LoadModule, GetLastError: 'Not enough memory resources are available to process this command.' (Address: 0000000000000000)
C:\Windows\SYSTEM32\MSASN1.dll:MSASN1.dll (00007FFCA5E80000), size: 73728 (result: 8), SymType: '-unknown-', PDB: '', fileVersion: 10.0.19041.3636
  ERROR: LoadModule, GetLastError: 'Not enough memory resources are available to process this command.' (Address: 0000000000000000)
C:\Windows\System32\bcryptprimitives.dll:bcryptprimitives.dll (00007FFCA64E0000), size: 532480 (result: 0), SymType: '-nosymbols-', PDB: 'C:\Windows\System32\bcryptprimitives.dll', fileVersion: 10.0.19041.3636
C:\Windows\SYSTEM32\kernel.appcore.dll:kernel.appcore.dll (00007FFCA4AE0000), size: 73728 (result: 0), SymType: '-nosymbols-', PDB: 'C:\Windows\SYSTEM32\kernel.appcore.dll', fileVersion: 10.0.19041.3758
C:\Windows\system32\uxtheme.dll:uxtheme.dll (00007FFCA37A0000), size: 647168 (result: 0), SymType: '-nosymbols-', PDB: 'C:\Windows\system32\uxtheme.dll', fileVersion: 10.0.19041.3930
C:\Windows\SYSTEM32\windows.storage.dll:windows.storage.dll (00007FFCA4330000), size: 7974912 (result: 0), SymType: '-nosymbols-', PDB: 'C:\Windows\SYSTEM32\windows.storage.dll', fileVersion: 10.0.19041.3758
C:\Windows\SYSTEM32\Wldp.dll:Wldp.dll (00007FFCA5CF0000), size: 184320 (result: 0), SymType: '-nosymbols-', PDB: 'C:\Windows\SYSTEM32\Wldp.dll', fileVersion: 10.0.19041.3636
C:\Windows\System32\SHCORE.dll:SHCORE.dll (00007FFCA86E0000), size: 708608 (result: 0), SymType: '-nosymbols-', PDB: 'C:\Windows\System32\SHCORE.dll', fileVersion: 10.0.19041.3636
C:\Windows\SYSTEM32\profapi.dll:profapi.dll (00007FFCA61F0000), size: 151552 (result: 0), SymType: '-nosymbols-', PDB: 'C:\Windows\SYSTEM32\profapi.dll', fileVersion: 10.0.19041.3636
C:\Windows\system32\IconCodecService.dll:IconCodecService.dll (00007FFC8C190000), size: 36864 (result: 0), SymType: '-nosymbols-', PDB: 'C:\Windows\system32\IconCodecService.dll', fileVersion: 10.0.19041.1
C:\Windows\SYSTEM32\WindowsCodecs.dll:WindowsCodecs.dll (00007FFCA0300000), size: 1785856 (result: 0), SymType: '-nosymbols-', PDB: 'C:\Windows\SYSTEM32\WindowsCodecs.dll', fileVersion: 10.0.19041.3636
C:\Windows\System32\clbcatq.dll:clbcatq.dll (00007FFCA83F0000), size: 692224 (result: 0), SymType: '-nosymbols-', PDB: 'C:\Windows\System32\clbcatq.dll', fileVersion: 2001.12.10941.16384
C:\Windows\System32\netprofm.dll:netprofm.dll (00007FFCA1A60000), size: 258048 (result: 0), SymType: '-nosymbols-', PDB: 'C:\Windows\System32\netprofm.dll', fileVersion: 10.0.19041.3636
C:\Windows\System32\npmproxy.dll:npmproxy.dll (00007FFC980D0000), size: 65536 (result: 0), SymType: '-nosymbols-', PDB: 'C:\Windows\System32\npmproxy.dll', fileVersion: 10.0.19041.3636
C:\Windows\System32\NSI.dll:NSI.dll (00007FFCA6C40000), size: 32768 (result: 0), SymType: '-nosymbols-', PDB: 'C:\Windows\System32\NSI.dll', fileVersion: 10.0.19041.3636
C:\Windows\SYSTEM32\dhcpcsvc6.DLL:dhcpcsvc6.DLL (00007FFC9FC40000), size: 94208 (result: 0), SymType: '-nosymbols-', PDB: 'C:\Windows\SYSTEM32\dhcpcsvc6.DLL', fileVersion: 10.0.19041.3636
C:\Windows\SYSTEM32\dhcpcsvc.DLL:dhcpcsvc.DLL (00007FFCA00C0000), size: 118784 (result: 0), SymType: '-nosymbols-', PDB: 'C:\Windows\SYSTEM32\dhcpcsvc.DLL', fileVersion: 10.0.19041.3636
C:\Windows\SYSTEM32\DNSAPI.dll:DNSAPI.dll (00007FFCA5710000), size: 827392 (result: 0), SymType: '-nosymbols-', PDB: 'C:\Windows\SYSTEM32\DNSAPI.dll', fileVersion: 10.0.19041.3636
C:\Windows\system32\napinsp.dll:napinsp.dll (00007FFC848C0000), size: 94208 (result: 0), SymType: '-nosymbols-', PDB: 'C:\Windows\system32\napinsp.dll', fileVersion: 10.0.19041.3636
C:\Windows\system32\pnrpnsp.dll:pnrpnsp.dll (00007FFC84880000), size: 110592 (result: 0), SymType: '-nosymbols-', PDB: 'C:\Windows\system32\pnrpnsp.dll', fileVersion: 10.0.19041.3636
C:\Windows\system32\wshbth.dll:wshbth.dll (00007FFC8F3B0000), size: 86016 (result: 0), SymType: '-nosymbols-', PDB: 'C:\Windows\system32\wshbth.dll', fileVersion: 10.0.19041.3636
C:\Windows\system32\NLAapi.dll:NLAapi.dll (00007FFCA1B90000), size: 118784 (result: 0), SymType: '-nosymbols-', PDB: 'C:\Windows\system32\NLAapi.dll', fileVersion: 10.0.19041.3636
C:\Windows\System32\winrnr.dll:winrnr.dll (00007FFC84860000), size: 73728 (result: 0), SymType: '-nosymbols-', PDB: 'C:\Windows\System32\winrnr.dll', fileVersion: 10.0.19041.3636
C:\Program Files\Bonjour\mdnsNSP.dll:mdnsNSP.dll (000000006E400000), size: 155648 (result: 0), SymType: '-exported-', PDB: 'C:\Program Files\Bonjour\mdnsNSP.dll', fileVersion: 3.1.0.1
C:\Windows\System32\fwpuclnt.dll:fwpuclnt.dll (00007FFC972D0000), size: 524288 (result: 0), SymType: '-nosymbols-', PDB: 'C:\Windows\System32\fwpuclnt.dll', fileVersion: 10.0.19041.3758
C:\Windows\System32\rasadhlp.dll:rasadhlp.dll (00007FFC977A0000), size: 40960 (result: 0), SymType: '-exported-', PDB: 'C:\Windows\System32\rasadhlp.dll', fileVersion: 10.0.19041.3636
D:\Unity\2022.3.17f1\Editor\NVUnityPlugin.DLL:NVUnityPlugin.DLL (00007FFC574B0000), size: 1519616 (result: 0), SymType: '-nosymbols-', PDB: 'D:\Unity\2022.3.17f1\Editor\NVUnityPlugin.DLL'
D:\Unity\2022.3.17f1\Editor\Data\Tools\astcenc-avx2.dll:astcenc-avx2.dll (00007FFC7F140000), size: 540672 (result: 0), SymType: '-nosymbols-', PDB: 'D:\Unity\2022.3.17f1\Editor\Data\Tools\astcenc-avx2.dll'
C:\Windows\System32\MMDevApi.dll:MMDevApi.dll (00007FFC9FD30000), size: 544768 (result: 0), SymType: '-nosymbols-', PDB: 'C:\Windows\System32\MMDevApi.dll', fileVersion: 10.0.19041.3636
C:\Windows\System32\DEVOBJ.dll:DEVOBJ.dll (00007FFCA6070000), size: 208896 (result: 0), SymType: '-nosymbols-', PDB: 'C:\Windows\System32\DEVOBJ.dll', fileVersion: 10.0.19041.3636
C:\Windows\SYSTEM32\d3d11.dll:d3d11.dll (00007FFCA1EC0000), size: 2502656 (result: 0), SymType: '-nosymbols-', PDB: 'C:\Windows\SYSTEM32\d3d11.dll', fileVersion: 10.0.19041.3636
C:\Windows\SYSTEM32\dxgi.dll:dxgi.dll (00007FFCA4B30000), size: 995328 (result: 0), SymType: '-nosymbols-', PDB: 'C:\Windows\SYSTEM32\dxgi.dll', fileVersion: 10.0.19041.3636
C:\Windows\System32\DriverStore\FileRepository\nv_dispi.inf_amd64_5b6e4554b945d508\nvldumdx.dll:nvldumdx.dll (00007FFC9E3D0000), size: 770048 (result: 0), SymType: '-deferred-', PDB: '', fileVersion: 31.0.15.3640
C:\Windows\SYSTEM32\cryptnet.dll:cryptnet.dll (00007FFC9E5E0000), size: 200704 (result: 0), SymType: '-deferred-', PDB: '', fileVersion: 10.0.19041.3636
C:\Windows\SYSTEM32\drvstore.dll:drvstore.dll (00007FFC9E490000), size: 1343488 (result: 0), SymType: '-deferred-', PDB: '', fileVersion: 10.0.19041.3636
C:\Windows\SYSTEM32\cryptbase.dll:cryptbase.dll (00007FFCA5C60000), size: 49152 (result: 0), SymType: '-deferred-', PDB: '', fileVersion: 10.0.19041.3636
C:\Windows\System32\imagehlp.dll:imagehlp.dll (00007FFCA8600000), size: 118784 (result: 0), SymType: '-deferred-', PDB: '', fileVersion: 10.0.19041.3636
C:\Windows\SYSTEM32\CRYPTSP.dll:CRYPTSP.dll (00007FFCA5C40000), size: 98304 (result: 0), SymType: '-nosymbols-', PDB: 'C:\Windows\SYSTEM32\CRYPTSP.dll', fileVersion: 10.0.19041.3636
C:\Windows\system32\rsaenh.dll:rsaenh.dll (00007FFCA52D0000), size: 212992 (result: 0), SymType: '-deferred-', PDB: '', fileVersion: 10.0.19041.3636
C:\Windows\System32\DriverStore\FileRepository\nv_dispi.inf_amd64_5b6e4554b945d508\nvwgf2umx.dll:nvwgf2umx.dll (00007FFC908D0000), size: 99463168 (result: 8), SymType: '-unknown-', PDB: '', fileVersion: 31.0.15.3640
  ERROR: LoadModule, GetLastError: 'Not enough memory resources are available to process this command.' (Address: 0000000000000000)
C:\Windows\system32\nvspcap64.dll:nvspcap64.dll (00007FFC5BBF0000), size: 2953216 (result: 0), SymType: '-deferred-', PDB: '', fileVersion: 3.27.0.120
C:\Windows\SYSTEM32\ntmarta.dll:ntmarta.dll (00007FFCA5400000), size: 208896 (result: 8), SymType: '-unknown-', PDB: '', fileVersion: 10.0.19041.3636
  ERROR: LoadModule, GetLastError: 'Not enough memory resources are available to process this command.' (Address: 0000000000000000)
C:\Windows\System32\DriverStore\FileRepository\nv_dispi.inf_amd64_5b6e4554b945d508\Display.NvContainer\MessageBus.dll:MessageBus.dll (00007FFC8CE00000), size: 7565312 (result: 8), SymType: '-unknown-', PDB: '', fileVersion: 1.22.2758.1620
  ERROR: LoadModule, GetLastError: 'Not enough memory resources are available to process this command.' (Address: 0000000000000000)
C:\Windows\SYSTEM32\dxcore.dll:dxcore.dll (00007FFC9E620000), size: 241664 (result: 8), SymType: '-unknown-', PDB: '', fileVersion: 10.0.19041.3636
  ERROR: LoadModule, GetLastError: 'Not enough memory resources are available to process this command.' (Address: 0000000000000000)
C:\Windows\system32\wbem\wbemprox.dll:wbemprox.dll (00007FFC9E360000), size: 69632 (result: 0), SymType: '-deferred-', PDB: '', fileVersion: 10.0.19041.3758
C:\Windows\SYSTEM32\wbemcomn.dll:wbemcomn.dll (00007FFC967B0000), size: 589824 (result: 0), SymType: '-deferred-', PDB: '', fileVersion: 10.0.19041.3636
C:\Windows\system32\wbem\wbemsvc.dll:wbemsvc.dll (00007FFC9D860000), size: 81920 (result: 0), SymType: '-deferred-', PDB: '', fileVersion: 10.0.19041.3758
C:\Windows\system32\wbem\fastprox.dll:fastprox.dll (00007FFC9D5A0000), size: 1093632 (result: 8), SymType: '-unknown-', PDB: '', fileVersion: 10.0.19041.3636
  ERROR: LoadModule, GetLastError: 'Not enough memory resources are available to process this command.' (Address: 0000000000000000)
C:\Windows\SYSTEM32\amsi.dll:amsi.dll (00007FFC99610000), size: 126976 (result: 8), SymType: '-unknown-', PDB: '', fileVersion: 10.0.19041.3636
  ERROR: LoadModule, GetLastError: 'Not enough memory resources are available to process this command.' (Address: 0000000000000000)
C:\Windows\SYSTEM32\USERENV.dll:USERENV.dll (00007FFCA6170000), size: 188416 (result: 8), SymType: '-unknown-', PDB: '', fileVersion: 10.0.19041.3636
  ERROR: LoadModule, GetLastError: 'Not enough memory resources are available to process this command.' (Address: 0000000000000000)
C:\ProgramData\Microsoft\Windows Defender\Platform\4.18.23110.3-0\MpOav.dll:MpOav.dll (00007FFC993F0000), size: 507904 (result: 8), SymType: '-unknown-', PDB: '', fileVersion: 4.18.23110.3
  ERROR: LoadModule, GetLastError: 'Not enough memory resources are available to process this command.' (Address: 0000000000000000)
D:\Unity\2022.3.17f1\Editor\cudart64_90.dll:cudart64_90.dll (00007FFC6A780000), size: 397312 (result: 8), SymType: '-unknown-', PDB: '', fileVersion: 6.14.11.9000
  ERROR: LoadModule, GetLastError: 'Not enough memory resources are available to process this command.' (Address: 0000000000000000)
C:\Windows\SYSTEM32\opencl.dll:opencl.dll (00007FFC57000000), size: 1490944 (result: 0), SymType: '-deferred-', PDB: '', fileVersion: 3.0.3.0
D:\Unity\2022.3.17f1\Editor\radeonrays.dll:radeonrays.dll (00007FFC59A50000), size: 557056 (result: 0), SymType: '-deferred-', PDB: ''
D:\Unity\2022.3.17f1\Editor\Data\MonoBleedingEdge\EmbedRuntime\mono-2.0-bdwgc.dll:mono-2.0-bdwgc.dll (00007FFC2F9E0000), size: 10825728 (result: 8), SymType: '-unknown-', PDB: ''
  ERROR: LoadModule, GetLastError: 'Not enough memory resources are available to process this command.' (Address: 0000000000000000)
C:\Windows\SYSTEM32\dbghelp.dll:dbghelp.dll (00007FFCA3E20000), size: 1982464 (result: 8), SymType: '-unknown-', PDB: '', fileVersion: 10.0.19041.3636
  ERROR: LoadModule, GetLastError: 'Not enough memory resources are available to process this command.' (Address: 0000000000000000)
C:\Windows\System32\psapi.dll:psapi.dll (00007FFCA6C50000), size: 32768 (result: 8), SymType: '-unknown-', PDB: '', fileVersion: 10.0.19041.3636
  ERROR: LoadModule, GetLastError: 'Not enough memory resources are available to process this command.' (Address: 0000000000000000)
  ERROR: SymGetSymFromAddr64, GetLastError: 'Attempt to access invalid address.' (Address: 00007FFCA67ACF19)
0x00007FFCA67ACF19 (KERNELBASE) (function-name not available)
  ERROR: SymGetSymFromAddr64, GetLastError: 'The specified module could not be found.' (Address: 00007FFC2FA50C0C)
  ERROR: SymGetModuleInfo64, GetLastError: 'A dynamic link library (DLL) initialization routine failed.' (Address: 00007FFC2FA50C0C)
0x00007FFC2FA50C0C ((<unknown>)) (function-name not available)
  ERROR: SymGetSymFromAddr64, GetLastError: 'The specified module could not be found.' (Address: 00007FFC2FA3C822)
  ERROR: SymGetModuleInfo64, GetLastError: 'A dynamic link library (DLL) initialization routine failed.' (Address: 00007FFC2FA3C822)
0x00007FFC2FA3C822 ((<unknown>)) (function-name not available)
  ERROR: SymGetSymFromAddr64, GetLastError: 'The specified module could not be found.' (Address: 00007FFC2FA3C888)
  ERROR: SymGetModuleInfo64, GetLastError: 'A dynamic link library (DLL) initialization routine failed.' (Address: 00007FFC2FA3C888)
0x00007FFC2FA3C888 ((<unknown>)) (function-name not available)
  ERROR: SymGetSymFromAddr64, GetLastError: 'The specified module could not be found.' (Address: 00007FFC2FB63BD3)
  ERROR: SymGetModuleInfo64, GetLastError: 'A dynamic link library (DLL) initialization routine failed.' (Address: 00007FFC2FB63BD3)
0x00007FFC2FB63BD3 ((<unknown>)) (function-name not available)
  ERROR: SymGetSymFromAddr64, GetLastError: 'The specified module could not be found.' (Address: 00007FFC2FA9B54C)
  ERROR: SymGetModuleInfo64, GetLastError: 'A dynamic link library (DLL) initialization routine failed.' (Address: 00007FFC2FA9B54C)
0x00007FFC2FA9B54C ((<unknown>)) (function-name not available)
  ERROR: SymGetSymFromAddr64, GetLastError: 'The specified module could not be found.' (Address: 00007FFC2FAB472B)
  ERROR: SymGetModuleInfo64, GetLastError: 'A dynamic link library (DLL) initialization routine failed.' (Address: 00007FFC2FAB472B)
0x00007FFC2FAB472B ((<unknown>)) (function-name not available)
  ERROR: SymGetSymFromAddr64, GetLastError: 'The specified module could not be found.' (Address: 00007FFC2FAAF0BF)
  ERROR: SymGetModuleInfo64, GetLastError: 'A dynamic link library (DLL) initialization routine failed.' (Address: 00007FFC2FAAF0BF)
0x00007FFC2FAAF0BF ((<unknown>)) (function-name not available)
  ERROR: SymGetSymFromAddr64, GetLastError: 'The specified module could not be found.' (Address: 00007FFC2FAAEBE6)
  ERROR: SymGetModuleInfo64, GetLastError: 'A dynamic link library (DLL) initialization routine failed.' (Address: 00007FFC2FAAEBE6)
0x00007FFC2FAAEBE6 ((<unknown>)) (function-name not available)
  ERROR: SymGetSymFromAddr64, GetLastError: 'The specified module could not be found.' (Address: 00007FFC2FAAEBE6)
  ERROR: SymGetModuleInfo64, GetLastError: 'A dynamic link library (DLL) initialization routine failed.' (Address: 00007FFC2FAAEBE6)
0x00007FFC2FAAEBE6 ((<unknown>)) (function-name not available)
  ERROR: SymGetSymFromAddr64, GetLastError: 'The specified module could not be found.' (Address: 00007FFC2FAA41C3)
  ERROR: SymGetModuleInfo64, GetLastError: 'A dynamic link library (DLL) initialization routine failed.' (Address: 00007FFC2FAA41C3)
0x00007FFC2FAA41C3 ((<unknown>)) (function-name not available)
  ERROR: SymGetSymFromAddr64, GetLastError: 'Unknown error [-529697949]' (Address: 00007FF71EF5F9A7)
0x00007FF71EF5F9A7 (Unity) (function-name not available)
  ERROR: SymGetSymFromAddr64, GetLastError: 'Unknown error [-529697949]' (Address: 00007FF71EFDEDB3)
0x00007FF71EFDEDB3 (Unity) (function-name not available)
  ERROR: SymGetSymFromAddr64, GetLastError: 'Unknown error [-529697949]' (Address: 00007FF71EFDD3DA)
0x00007FF71EFDD3DA (Unity) (function-name not available)
  ERROR: SymGetSymFromAddr64, GetLastError: 'The specified module could not be found.' (Address: 00007FF71EFDE6E1)
0x00007FF71EFDE6E1 (Unity) (function-name not available)
  ERROR: SymGetSymFromAddr64, GetLastError: 'The specified module could not be found.' (Address: 00007FF71EFDFA79)
0x00007FF71EFDFA79 (Unity) (function-name not available)
  ERROR: SymGetSymFromAddr64, GetLastError: 'Unknown error [-529697949]' (Address: 00007FF71EFDC4E2)
0x00007FF71EFDC4E2 (Unity) (function-name not available)
  ERROR: SymGetSymFromAddr64, GetLastError: 'Unknown error [-529697949]' (Address: 00007FF71EF24C8F)
0x00007FF71EF24C8F (Unity) (function-name not available)
  ERROR: SymGetSymFromAddr64, GetLastError: 'Unknown error [-529697949]' (Address: 00007FF71EF2DFB9)
0x00007FF71EF2DFB9 (Unity) (function-name not available)
  ERROR: SymGetSymFromAddr64, GetLastError: 'Unknown error [-529697949]' (Address: 00007FF71EF30EEC)
0x00007FF71EF30EEC (Unity) (function-name not available)
  ERROR: SymGetSymFromAddr64, GetLastError: 'Unknown error [-529697949]' (Address: 00007FF71FEC75A2)
0x00007FF71FEC75A2 (Unity) (function-name not available)
  ERROR: SymGetSymFromAddr64, GetLastError: 'Unknown error [-529697949]' (Address: 00007FF71FEC7B54)
0x00007FF71FEC7B54 (Unity) (function-name not available)
  ERROR: SymGetSymFromAddr64, GetLastError: 'Unknown error [-529697949]' (Address: 00007FF7203C700F)
0x00007FF7203C700F (Unity) (function-name not available)
  ERROR: SymGetSymFromAddr64, GetLastError: 'Unknown error [-529697949]' (Address: 00007FF7204010F2)
0x00007FF7204010F2 (Unity) (function-name not available)
  ERROR: SymGetSymFromAddr64, GetLastError: 'Unknown error [-529697949]' (Address: 00007FF7203ED09E)
0x00007FF7203ED09E (Unity) (function-name not available)
  ERROR: SymGetSymFromAddr64, GetLastError: 'Unknown error [-529697949]' (Address: 00007FF7203EECCE)
0x00007FF7203EECCE (Unity) (function-name not available)
  ERROR: SymGetSymFromAddr64, GetLastError: 'Unknown error [-529697949]' (Address: 00007FF7203FF49C)
0x00007FF7203FF49C (Unity) (function-name not available)
  ERROR: SymGetSymFromAddr64, GetLastError: 'Unknown error [-529697949]' (Address: 00007FF7203D2FFF)
0x00007FF7203D2FFF (Unity) (function-name not available)
  ERROR: SymGetSymFromAddr64, GetLastError: 'Unknown error [-529697949]' (Address: 00007FF72039DF37)
  ERROR: SymGetModuleInfo64, GetLastError: 'Not enough memory resources are available to process this command.' (Address: 00007FF72039DF37)
0x00007FF72039DF37 ((<unknown>)) (function-name not available)
  ERROR: SymGetSymFromAddr64, GetLastError: 'The specified module could not be found.' (Address: 00007FF72039DFBB)
  ERROR: SymGetModuleInfo64, GetLastError: 'Not enough memory resources are available to process this command.' (Address: 00007FF72039DFBB)
0x00007FF72039DFBB ((<unknown>)) (function-name not available)
  ERROR: SymGetSymFromAddr64, GetLastError: 'The specified module could not be found.' (Address: 00007FF71FBA200D)
  ERROR: SymGetModuleInfo64, GetLastError: 'Not enough memory resources are available to process this command.' (Address: 00007FF71FBA200D)
0x00007FF71FBA200D ((<unknown>)) (function-name not available)
  ERROR: SymGetSymFromAddr64, GetLastError: 'The specified module could not be found.' (Address: 00007FF72002AF35)
  ERROR: SymGetModuleInfo64, GetLastError: 'Not enough memory resources are available to process this command.' (Address: 00007FF72002AF35)
0x00007FF72002AF35 ((<unknown>)) (function-name not available)
  ERROR: SymGetSymFromAddr64, GetLastError: 'The specified module could not be found.' (Address: 00007FF72140A7BE)
  ERROR: SymGetModuleInfo64, GetLastError: 'Not enough memory resources are available to process this command.' (Address: 00007FF72140A7BE)
0x00007FF72140A7BE ((<unknown>)) (function-name not available)
  ERROR: SymGetSymFromAddr64, GetLastError: 'Attempt to access invalid address.' (Address: 00007FFCA8637344)
  ERROR: SymGetModuleInfo64, GetLastError: 'Not enough memory resources are available to process this command.' (Address: 00007FFCA8637344)
0x00007FFCA8637344 ((<unknown>)) (function-name not available)
  ERROR: SymGetSymFromAddr64, GetLastError: 'Attempt to access invalid address.' (Address: 00007FFCA8C426B1)
  ERROR: SymGetModuleInfo64, GetLastError: 'Not enough memory resources are available to process this command.' (Address: 00007FFCA8C426B1)
0x00007FFCA8C426B1 ((<unknown>)) (function-name not available)

========== END OF STACKTRACE ===========

A crash has been intercepted by the crash handler. For call stack and other details, see the latest crash report generated in:
 * C:/Users/shadow/AppData/Local/Temp/Unity/Editor/Crashes
