Using pre-set license
Built from '2022.3/staging' branch; Version is '2022.3.17f1 (4fc78088f837) revision 5228416'; Using compiler version '192829333'; Build Type 'Release'
OS: 'Windows 10  (10.0.19045) 64bit Core' Language: 'en' Physical Memory: 16315 MB
BatchMode: 1, IsHumanControllingUs: 0, StartBugReporterOnCrash: 0, Is64bit: 1, IsPro: 1

COMMAND LINE ARGUMENTS:
D:\Unity\2022.3.17f1\Editor\Unity.exe
-adb2
-batchMode
-noUpm
-name
AssetImportWorker0
-projectPath
C:/Users/shadow/My project
-logFile
Logs/AssetImportWorker0.log
-srvPort
60920
Successfully changed project path to: C:/Users/shadow/My project
C:/Users/shadow/My project
[UnityMemory] Configuration Parameters - Can be set up in boot.config
    "memorysetup-bucket-allocator-granularity=16"
    "memorysetup-bucket-allocator-bucket-count=8"
    "memorysetup-bucket-allocator-block-size=33554432"
    "memorysetup-bucket-allocator-block-count=8"
    "memorysetup-main-allocator-block-size=16777216"
    "memorysetup-thread-allocator-block-size=16777216"
    "memorysetup-gfx-main-allocator-block-size=16777216"
    "memorysetup-gfx-thread-allocator-block-size=16777216"
    "memorysetup-cache-allocator-block-size=4194304"
    "memorysetup-typetree-allocator-block-size=2097152"
    "memorysetup-profiler-bucket-allocator-granularity=16"
    "memorysetup-profiler-bucket-allocator-bucket-count=8"
    "memorysetup-profiler-bucket-allocator-block-size=33554432"
    "memorysetup-profiler-bucket-allocator-block-count=8"
    "memorysetup-profiler-allocator-block-size=16777216"
    "memorysetup-profiler-editor-allocator-block-size=1048576"
    "memorysetup-temp-allocator-size-main=16777216"
    "memorysetup-job-temp-allocator-block-size=2097152"
    "memorysetup-job-temp-allocator-block-size-background=1048576"
    "memorysetup-job-temp-allocator-reduction-small-platforms=262144"
    "memorysetup-allocator-temp-initial-block-size-main=262144"
    "memorysetup-allocator-temp-initial-block-size-worker=262144"
    "memorysetup-temp-allocator-size-background-worker=32768"
    "memorysetup-temp-allocator-size-job-worker=262144"
    "memorysetup-temp-allocator-size-preload-manager=33554432"
    "memorysetup-temp-allocator-size-nav-mesh-worker=65536"
    "memorysetup-temp-allocator-size-audio-worker=65536"
    "memorysetup-temp-allocator-size-cloud-worker=32768"
    "memorysetup-temp-allocator-size-gi-baking-worker=262144"
    "memorysetup-temp-allocator-size-gfx=262144"
Player connection [12984] Host "[IP] 172.31.11.189 [Port] 0 [Flags] 2 [Guid] 2909213292 [EditorId] 2909213292 [Version] 1048832 [Id] WindowsEditor(7,DESKTOP-KHJ0SKF) [Debug] 1 [PackageName] WindowsEditor [ProjectName] Editor" joined multi-casting on [225.0.0.222:54997]...

Player connection [12984] Host "[IP] 172.31.11.189 [Port] 0 [Flags] 2 [Guid] 2909213292 [EditorId] 2909213292 [Version] 1048832 [Id] WindowsEditor(7,DESKTOP-KHJ0SKF) [Debug] 1 [PackageName] WindowsEditor [ProjectName] Editor" joined alternative multi-casting on [225.0.0.222:34997]...

[Physics::Module] Initialized MultithreadedJobDispatcher with 11 workers.
Refreshing native plugins compatible for Editor in 21.97 ms, found 4 plugins.
Preloading 0 native plugins for Editor in 0.00 ms.
Initialize engine version: 2022.3.17f1 (4fc78088f837)
[Subsystems] Discovering subsystems at path D:/Unity/2022.3.17f1/Editor/Data/Resources/UnitySubsystems
[Subsystems] Discovering subsystems at path C:/Users/shadow/My project/Assets
GfxDevice: creating device client; threaded=0; jobified=0
Direct3D:
    Version:  Direct3D 11.0 [level 11.1]
    Renderer: NVIDIA GeForce GTX 1080 (ID=0x1b80)
    Vendor:   NVIDIA
    VRAM:     8072 MB
    Driver:   31.0.15.3640
Initialize mono
Mono path[0] = 'D:/Unity/2022.3.17f1/Editor/Data/Managed'
Mono path[1] = 'D:/Unity/2022.3.17f1/Editor/Data/MonoBleedingEdge/lib/mono/unityjit-win32'
Mono config path = 'D:/Unity/2022.3.17f1/Editor/Data/MonoBleedingEdge/etc'
Using monoOptions --debugger-agent=transport=dt_socket,embedding=1,server=y,suspend=n,address=127.0.0.1:56144
Begin MonoManager ReloadAssembly
Registering precompiled unity dll's ...
Register platform support module: D:/Unity/2022.3.17f1/Editor/Data/PlaybackEngines/WebGLSupport/UnityEditor.WebGL.Extensions.dll
Register platform support module: D:/Unity/2022.3.17f1/Editor/Data/PlaybackEngines/WindowsStandaloneSupport/UnityEditor.WindowsStandalone.Extensions.dll
Registered in 0.010312 seconds.
- Loaded All Assemblies, in  0.582 seconds
Native extension for WindowsStandalone target not found
Native extension for WebGL target not found
Mono: successfully reloaded assembly
- Finished resetting the current domain, in  0.451 seconds
Domain Reload Profiling: 1033ms
	BeginReloadAssembly (193ms)
		ExecutionOrderSort (0ms)
		DisableScriptedObjects (0ms)
		BackupInstance (0ms)
		ReleaseScriptingObjects (0ms)
		CreateAndSetChildDomain (1ms)
	RebuildCommonClasses (52ms)
	RebuildNativeTypeToScriptingClass (18ms)
	initialDomainReloadingComplete (80ms)
	LoadAllAssembliesAndSetupDomain (238ms)
		LoadAssemblies (193ms)
		RebuildTransferFunctionScriptingTraits (0ms)
		AnalyzeDomain (234ms)
			TypeCache.Refresh (232ms)
				TypeCache.ScanAssembly (213ms)
			ScanForSourceGeneratedMonoScriptInfo (0ms)
			ResolveRequiredComponents (1ms)
	FinalizeReload (452ms)
		ReleaseScriptCaches (0ms)
		RebuildScriptCaches (0ms)
		SetupLoadedEditorAssemblies (366ms)
			LogAssemblyErrors (0ms)
			InitializePlatformSupportModulesInManaged (14ms)
			SetLoadedEditorAssemblies (8ms)
			RefreshPlugins (0ms)
			BeforeProcessingInitializeOnLoad (10ms)
			ProcessInitializeOnLoadAttributes (255ms)
			ProcessInitializeOnLoadMethodAttributes (78ms)
			AfterProcessingInitializeOnLoad (0ms)
			EditorAssembliesLoaded (0ms)
		ExecutionOrderSort2 (0ms)
		AwakeInstancesAfterBackupRestoration (0ms)
========================================================================
Worker process is ready to serve import requests
Begin MonoManager ReloadAssembly
OutOfMemoryException: Out of memory
  at (wrapper managed-to-native) System.Object.__icall_wrapper_ves_icall_array_new_specific(intptr,int)
  at System.IO.MemoryStream..ctor (System.Int32 capacity) [0x00023] in <17d9ce77f27a4bd2afb5ba32c9bea976>:0 
  at (wrapper remoting-invoke-with-check) System.IO.MemoryStream..ctor(int)
  at Mono.Cecil.ModuleDefinition.ReadModule (System.String fileName, Mono.Cecil.ReaderParameters parameters) [0x0002e] in <a6860a9f6366437387ebdc1f225b7fd4>:0 
  at Mono.Cecil.BaseAssemblyResolver.GetAssembly (System.String file, Mono.Cecil.ReaderParameters parameters) [0x0000f] in <a6860a9f6366437387ebdc1f225b7fd4>:0 
  at Mono.Cecil.BaseAssemblyResolver.GetAssemblyInMonoGac (Mono.Cecil.AssemblyNameReference reference, Mono.Cecil.ReaderParameters parameters) [0x00026] in <a6860a9f6366437387ebdc1f225b7fd4>:0 
  at Mono.Cecil.BaseAssemblyResolver.GetAssemblyInGac (Mono.Cecil.AssemblyNameReference reference, Mono.Cecil.ReaderParameters parameters) [0x0002d] in <a6860a9f6366437387ebdc1f225b7fd4>:0 
  at Mono.Cecil.BaseAssemblyResolver.Resolve (Mono.Cecil.AssemblyNameReference name, Mono.Cecil.ReaderParameters parameters) [0x000c7] in <a6860a9f6366437387ebdc1f225b7fd4>:0 
  at Mono.Cecil.BaseAssemblyResolver.Resolve (Mono.Cecil.AssemblyNameReference name) [0x00007] in <a6860a9f6366437387ebdc1f225b7fd4>:0 
  at UnityEditor.AssemblyValidation+AssemblyResolver.Resolve (Mono.Cecil.AssemblyNameReference name) [0x0002f] in <5e6ebaa7d75c4d5399dc81ecead6b43f>:0 
  at UnityEditor.AssemblyValidation.ResolveAndSetupReferences (System.Int32 index, UnityEditor.AssemblyValidation+Error[] errors, Mono.Cecil.AssemblyDefinition[] assemblyDefinitions, System.Collections.Generic.Dictionary`2[TKey,TValue] assemblyDefinitionNameToIndex, UnityEditor.AssemblyValidation+AssemblyAndReferences[] assemblyAndReferences, System.String assemblyPath) [0x00084] in <5e6ebaa7d75c4d5399dc81ecead6b43f>:0 
  at UnityEditor.AssemblyValidation.CheckAssemblyReferences (System.String[] assemblyPaths, UnityEditor.AssemblyValidation+Error[] errors, Mono.Cecil.AssemblyDefinition[] assemblyDefinitions, System.Func`2[T,TResult] compatibleWithEditor) [0x00106] in <5e6ebaa7d75c4d5399dc81ecead6b43f>:0 
  at UnityEditor.AssemblyValidation.ValidateAssemblyDefinitions (System.String[] assemblyPaths, Mono.Cecil.AssemblyDefinition[] assemblyDefinitions, System.Func`2[T,TResult] compatibleWithEditor) [0x0000a] in <5e6ebaa7d75c4d5399dc81ecead6b43f>:0 
  at UnityEditor.AssemblyValidation.ValidateAssemblies (System.String[] assemblyPaths, System.Boolean enableLogging) [0x00054] in <5e6ebaa7d75c4d5399dc81ecead6b43f>:0 


=================================================================
	Native Crash Reporting
=================================================================
Got a UNKNOWN while executing native code. This usually indicates
a fatal error in the mono runtime or one of the native libraries 
used by your application.
=================================================================

=================================================================
	Managed Stacktrace:
=================================================================
=================================================================
Received signal SIGSEGV
Obtained 26 stack frames
0x00007ff71e84e568 (Unity) 
0x00007ff71e85d1ac (Unity) 
0x00007ff71e84ec81 (Unity) 
0x00007ff71e85916e ((<unknown>)) 
0x00007ff71e1437a7 ((<unknown>)) 
0x00007ff71e1424da ((<unknown>)) 
0x00007ff71ef2f637 ((<unknown>)) 
0x00007ff71ef2eb31 ((<unknown>)) 
0x00007ff71ef2e94b ((<unknown>)) 
0x00007ff71ef2df1c ((<unknown>)) 
0x00007ff71ef30eec (Unity) 
0x00007ff71fec75a2 (Unity) 
0x00007ff71fec7b54 ((<unknown>)) 
0x00007ff7203c700f ((<unknown>)) 
0x00007ff7204010f2 ((<unknown>)) 
0x00007ff7203ed09e ((<unknown>)) 
0x00007ff7203eecce ((<unknown>)) 
0x00007ff7203ff49c ((<unknown>)) 
0x00007ff7203d2fff ((<unknown>)) 
0x00007ff72039df37 ((<unknown>)) 
0x00007ff72039dfbb ((<unknown>)) 
0x00007ff71fba200d ((<unknown>)) 
0x00007ff72002af35 ((<unknown>)) 
0x00007ff72140a7be ((<unknown>)) 
0x00007ffca8637344 ((<unknown>)) 
0x00007ffca8c426b1 ((<unknown>)) 

